This file contains any messages produced by compilers while
running configure, to aid debugging if configure makes a mistake.

It was created by CAENPLLConfig configure 2.0, which was
generated by GNU Autoconf 2.59.  Invocation command line was

  $ ./configure --prefix=/opt/DAQ CFLAGS=-I/opt/DAQ/include LDFLAGS=-L/opt/DAQ/lib

## --------- ##
## Platform. ##
## --------- ##

hostname = memes
uname -m = i686
uname -r = 2.6.32-5-686
uname -s = Linux
uname -v = #1 SMP Tue Jun 1 04:59:47 UTC 2010

/usr/bin/uname -p = unknown
/bin/uname -X     = unknown

/bin/arch              = unknown
/usr/bin/arch -k       = unknown
/usr/convex/getsysinfo = unknown
hostinfo               = unknown
/bin/machine           = unknown
/usr/bin/oslevel       = unknown
/bin/universe          = unknown

PATH: /Users/exaos/Utilities/cabal/bin
PATH: /Users/exaos/Utilities/Go-Lang/bin
PATH: /usr/local/sbin
PATH: /usr/sbin
PATH: /sbin
PATH: /Users/exaos/Utilities/bin
PATH: /opt/texlive/2009/bin/i386-linux
PATH: /opt/bin
PATH: /usr/local/bin
PATH: /usr/bin
PATH: /bin
PATH: /usr/games
PATH: /opt/DAQ/bin
PATH: /opt/DAQ/lib/rome/bin


## ----------- ##
## Core tests. ##
## ----------- ##

configure:1372: checking for a BSD-compatible install
configure:1427: result: /usr/bin/install -c
configure:1438: checking whether build environment is sane
configure:1481: result: yes
configure:1546: checking for gawk
configure:1562: found /usr/bin/gawk
configure:1572: result: gawk
configure:1582: checking whether make sets $(MAKE)
configure:1602: result: yes
configure:1825: checking for g++
configure:1841: found /usr/bin/g++
configure:1851: result: g++
configure:1867: checking for C++ compiler version
configure:1870: g++ --version </dev/null >&5
g++ (Debian 4.4.4-7) 4.4.4
Copyright (C) 2010 Free Software Foundation, Inc.
This is free software; see the source for copying conditions.  There is NO
warranty; not even for MERCHANTABILITY or FITNESS FOR A PARTICULAR PURPOSE.

configure:1873: $? = 0
configure:1875: g++ -v </dev/null >&5
Using built-in specs.
Target: i486-linux-gnu
Configured with: ../src/configure -v --with-pkgversion='Debian 4.4.4-7' --with-bugurl=file:///usr/share/doc/gcc-4.4/README.Bugs --enable-languages=c,c++,fortran,objc,obj-c++ --prefix=/usr --enable-shared --enable-multiarch --enable-linker-build-id --with-system-zlib --libexecdir=/usr/lib --without-included-gettext --enable-threads=posix --with-gxx-include-dir=/usr/include/c++/4.4 --program-suffix=-4.4 --enable-nls --enable-clocale=gnu --enable-libstdcxx-debug --enable-objc-gc --enable-targets=all --with-arch-32=i586 --with-tune=generic --enable-checking=release --build=i486-linux-gnu --host=i486-linux-gnu --target=i486-linux-gnu
Thread model: posix
gcc version 4.4.4 (Debian 4.4.4-7) 
configure:1878: $? = 0
configure:1880: g++ -V </dev/null >&5
g++: '-V' option must have argument
configure:1883: $? = 1
configure:1906: checking for C++ compiler default output file name
configure:1909: g++   -L/opt/DAQ/lib conftest.cc  >&5
configure:1912: $? = 0
configure:1958: result: a.out
configure:1963: checking whether the C++ compiler works
configure:1969: ./a.out
configure:1972: $? = 0
configure:1989: result: yes
configure:1996: checking whether we are cross compiling
configure:1998: result: no
configure:2001: checking for suffix of executables
configure:2003: g++ -o conftest   -L/opt/DAQ/lib conftest.cc  >&5
configure:2006: $? = 0
configure:2031: result: 
configure:2037: checking for suffix of object files
configure:2058: g++ -c   conftest.cc >&5
configure:2061: $? = 0
configure:2083: result: o
configure:2087: checking whether we are using the GNU C++ compiler
configure:2111: g++ -c   conftest.cc >&5
configure:2117: $? = 0
configure:2121: test -z 
			 || test ! -s conftest.err
configure:2124: $? = 0
configure:2127: test -s conftest.o
configure:2130: $? = 0
configure:2143: result: yes
configure:2149: checking whether g++ accepts -g
configure:2170: g++ -c -g  conftest.cc >&5
configure:2176: $? = 0
configure:2180: test -z 
			 || test ! -s conftest.err
configure:2183: $? = 0
configure:2186: test -s conftest.o
configure:2189: $? = 0
configure:2200: result: yes
configure:2242: g++ -c -g -O2  conftest.cc >&5
configure:2248: $? = 0
configure:2252: test -z 
			 || test ! -s conftest.err
configure:2255: $? = 0
configure:2258: test -s conftest.o
configure:2261: $? = 0
configure:2287: g++ -c -g -O2  conftest.cc >&5
conftest.cc: In function 'int main()':
conftest.cc:15: error: 'exit' was not declared in this scope
configure:2293: $? = 1
configure: failed program was:
| /* confdefs.h.  */
| 
| #define PACKAGE_NAME "CAENPLLConfig"
| #define PACKAGE_TARNAME "caenpllconfig"
| #define PACKAGE_VERSION "2.0"
| #define PACKAGE_STRING "CAENPLLConfig 2.0"
| #define PACKAGE_BUGREPORT "support.computing@caen.it"
| #define PACKAGE "CAENPLLConfig"
| #define VERSION "2.0"
| /* end confdefs.h.  */
| 
| int
| main ()
| {
| exit (42);
|   ;
|   return 0;
| }
configure:2242: g++ -c -g -O2  conftest.cc >&5
conftest.cc:11: error: 'void std::exit(int)' should have been declared inside 'std'
configure:2248: $? = 1
configure: failed program was:
| /* confdefs.h.  */
| 
| #define PACKAGE_NAME "CAENPLLConfig"
| #define PACKAGE_TARNAME "caenpllconfig"
| #define PACKAGE_VERSION "2.0"
| #define PACKAGE_STRING "CAENPLLConfig 2.0"
| #define PACKAGE_BUGREPORT "support.computing@caen.it"
| #define PACKAGE "CAENPLLConfig"
| #define VERSION "2.0"
| /* end confdefs.h.  */
| extern "C" void std::exit (int) throw (); using std::exit;
| #include <stdlib.h>
| int
| main ()
| {
| exit (42);
|   ;
|   return 0;
| }
configure:2242: g++ -c -g -O2  conftest.cc >&5
conftest.cc:11: error: 'void std::exit(int)' should have been declared inside 'std'
In file included from conftest.cc:12:
/usr/include/stdlib.h:543: error: declaration of 'void std::exit(int) throw ()' throws different exceptions
conftest.cc:11: error: from previous declaration 'void std::exit(int)'
configure:2248: $? = 1
configure: failed program was:
| /* confdefs.h.  */
| 
| #define PACKAGE_NAME "CAENPLLConfig"
| #define PACKAGE_TARNAME "caenpllconfig"
| #define PACKAGE_VERSION "2.0"
| #define PACKAGE_STRING "CAENPLLConfig 2.0"
| #define PACKAGE_BUGREPORT "support.computing@caen.it"
| #define PACKAGE "CAENPLLConfig"
| #define VERSION "2.0"
| /* end confdefs.h.  */
| extern "C" void std::exit (int); using std::exit;
| #include <stdlib.h>
| int
| main ()
| {
| exit (42);
|   ;
|   return 0;
| }
configure:2242: g++ -c -g -O2  conftest.cc >&5
configure:2248: $? = 0
configure:2252: test -z 
			 || test ! -s conftest.err
configure:2255: $? = 0
configure:2258: test -s conftest.o
configure:2261: $? = 0
configure:2287: g++ -c -g -O2  conftest.cc >&5
configure:2293: $? = 0
configure:2297: test -z 
			 || test ! -s conftest.err
configure:2300: $? = 0
configure:2303: test -s conftest.o
configure:2306: $? = 0
configure:2340: checking for style of include used by make
configure:2368: result: GNU
configure:2396: checking dependency style of g++
configure:2486: result: gcc3
configure:2549: checking for gcc
configure:2565: found /usr/bin/gcc
configure:2575: result: gcc
configure:2819: checking for C compiler version
configure:2822: gcc --version </dev/null >&5
gcc (Debian 4.4.4-7) 4.4.4
Copyright (C) 2010 Free Software Foundation, Inc.
This is free software; see the source for copying conditions.  There is NO
warranty; not even for MERCHANTABILITY or FITNESS FOR A PARTICULAR PURPOSE.

configure:2825: $? = 0
configure:2827: gcc -v </dev/null >&5
Using built-in specs.
Target: i486-linux-gnu
Configured with: ../src/configure -v --with-pkgversion='Debian 4.4.4-7' --with-bugurl=file:///usr/share/doc/gcc-4.4/README.Bugs --enable-languages=c,c++,fortran,objc,obj-c++ --prefix=/usr --enable-shared --enable-multiarch --enable-linker-build-id --with-system-zlib --libexecdir=/usr/lib --without-included-gettext --enable-threads=posix --with-gxx-include-dir=/usr/include/c++/4.4 --program-suffix=-4.4 --enable-nls --enable-clocale=gnu --enable-libstdcxx-debug --enable-objc-gc --enable-targets=all --with-arch-32=i586 --with-tune=generic --enable-checking=release --build=i486-linux-gnu --host=i486-linux-gnu --target=i486-linux-gnu
Thread model: posix
gcc version 4.4.4 (Debian 4.4.4-7) 
configure:2830: $? = 0
configure:2832: gcc -V </dev/null >&5
gcc: '-V' option must have argument
configure:2835: $? = 1
configure:2838: checking whether we are using the GNU C compiler
configure:2862: gcc -c -I/opt/DAQ/include  conftest.c >&5
configure:2868: $? = 0
configure:2872: test -z 
			 || test ! -s conftest.err
configure:2875: $? = 0
configure:2878: test -s conftest.o
configure:2881: $? = 0
configure:2894: result: yes
configure:2900: checking whether gcc accepts -g
configure:2921: gcc -c -g  conftest.c >&5
configure:2927: $? = 0
configure:2931: test -z 
			 || test ! -s conftest.err
configure:2934: $? = 0
configure:2937: test -s conftest.o
configure:2940: $? = 0
configure:2951: result: yes
configure:2968: checking for gcc option to accept ANSI C
configure:3038: gcc  -c -I/opt/DAQ/include  conftest.c >&5
configure:3044: $? = 0
configure:3048: test -z 
			 || test ! -s conftest.err
configure:3051: $? = 0
configure:3054: test -s conftest.o
configure:3057: $? = 0
configure:3075: result: none needed
configure:3093: gcc -c -I/opt/DAQ/include  conftest.c >&5
conftest.c:2: error: expected '=', ',', ';', 'asm' or '__attribute__' before 'me'
configure:3099: $? = 1
configure: failed program was:
| #ifndef __cplusplus
|   choke me
| #endif
configure:3234: checking dependency style of gcc
configure:3324: result: gcc3
configure:3355: checking for a BSD-compatible install
configure:3410: result: /usr/bin/install -c
configure:3433: checking how to run the C preprocessor
configure:3468: gcc -E  conftest.c
configure:3474: $? = 0
configure:3506: gcc -E  conftest.c
conftest.c:15:28: error: ac_nonexistent.h: No such file or directory
configure:3512: $? = 1
configure: failed program was:
| /* confdefs.h.  */
| 
| #define PACKAGE_NAME "CAENPLLConfig"
| #define PACKAGE_TARNAME "caenpllconfig"
| #define PACKAGE_VERSION "2.0"
| #define PACKAGE_STRING "CAENPLLConfig 2.0"
| #define PACKAGE_BUGREPORT "support.computing@caen.it"
| #define PACKAGE "CAENPLLConfig"
| #define VERSION "2.0"
| #ifdef __cplusplus
| extern "C" void exit (int) throw ();
| #endif
| #define LINUX 1
| /* end confdefs.h.  */
| #include <ac_nonexistent.h>
configure:3551: result: gcc -E
configure:3575: gcc -E  conftest.c
configure:3581: $? = 0
configure:3613: gcc -E  conftest.c
conftest.c:15:28: error: ac_nonexistent.h: No such file or directory
configure:3619: $? = 1
configure: failed program was:
| /* confdefs.h.  */
| 
| #define PACKAGE_NAME "CAENPLLConfig"
| #define PACKAGE_TARNAME "caenpllconfig"
| #define PACKAGE_VERSION "2.0"
| #define PACKAGE_STRING "CAENPLLConfig 2.0"
| #define PACKAGE_BUGREPORT "support.computing@caen.it"
| #define PACKAGE "CAENPLLConfig"
| #define VERSION "2.0"
| #ifdef __cplusplus
| extern "C" void exit (int) throw ();
| #endif
| #define LINUX 1
| /* end confdefs.h.  */
| #include <ac_nonexistent.h>
configure:3663: checking for egrep
configure:3673: result: grep -E
configure:3678: checking for ANSI C header files
configure:3703: gcc -c -I/opt/DAQ/include  conftest.c >&5
configure:3709: $? = 0
configure:3713: test -z 
			 || test ! -s conftest.err
configure:3716: $? = 0
configure:3719: test -s conftest.o
configure:3722: $? = 0
configure:3811: gcc -o conftest -I/opt/DAQ/include  -L/opt/DAQ/lib conftest.c  >&5
conftest.c: In function 'main':
conftest.c:32: warning: incompatible implicit declaration of built-in function 'exit'
configure:3814: $? = 0
configure:3816: ./conftest
configure:3819: $? = 0
configure:3834: result: yes
configure:3858: checking for sys/types.h
configure:3874: gcc -c -I/opt/DAQ/include  conftest.c >&5
configure:3880: $? = 0
configure:3884: test -z 
			 || test ! -s conftest.err
configure:3887: $? = 0
configure:3890: test -s conftest.o
configure:3893: $? = 0
configure:3904: result: yes
configure:3858: checking for sys/stat.h
configure:3874: gcc -c -I/opt/DAQ/include  conftest.c >&5
configure:3880: $? = 0
configure:3884: test -z 
			 || test ! -s conftest.err
configure:3887: $? = 0
configure:3890: test -s conftest.o
configure:3893: $? = 0
configure:3904: result: yes
configure:3858: checking for stdlib.h
configure:3874: gcc -c -I/opt/DAQ/include  conftest.c >&5
configure:3880: $? = 0
configure:3884: test -z 
			 || test ! -s conftest.err
configure:3887: $? = 0
configure:3890: test -s conftest.o
configure:3893: $? = 0
configure:3904: result: yes
configure:3858: checking for string.h
configure:3874: gcc -c -I/opt/DAQ/include  conftest.c >&5
configure:3880: $? = 0
configure:3884: test -z 
			 || test ! -s conftest.err
configure:3887: $? = 0
configure:3890: test -s conftest.o
configure:3893: $? = 0
configure:3904: result: yes
configure:3858: checking for memory.h
configure:3874: gcc -c -I/opt/DAQ/include  conftest.c >&5
configure:3880: $? = 0
configure:3884: test -z 
			 || test ! -s conftest.err
configure:3887: $? = 0
configure:3890: test -s conftest.o
configure:3893: $? = 0
configure:3904: result: yes
configure:3858: checking for strings.h
configure:3874: gcc -c -I/opt/DAQ/include  conftest.c >&5
configure:3880: $? = 0
configure:3884: test -z 
			 || test ! -s conftest.err
configure:3887: $? = 0
configure:3890: test -s conftest.o
configure:3893: $? = 0
configure:3904: result: yes
configure:3858: checking for inttypes.h
configure:3874: gcc -c -I/opt/DAQ/include  conftest.c >&5
configure:3880: $? = 0
configure:3884: test -z 
			 || test ! -s conftest.err
configure:3887: $? = 0
configure:3890: test -s conftest.o
configure:3893: $? = 0
configure:3904: result: yes
configure:3858: checking for stdint.h
configure:3874: gcc -c -I/opt/DAQ/include  conftest.c >&5
configure:3880: $? = 0
configure:3884: test -z 
			 || test ! -s conftest.err
configure:3887: $? = 0
configure:3890: test -s conftest.o
configure:3893: $? = 0
configure:3904: result: yes
configure:3858: checking for unistd.h
configure:3874: gcc -c -I/opt/DAQ/include  conftest.c >&5
configure:3880: $? = 0
configure:3884: test -z 
			 || test ! -s conftest.err
configure:3887: $? = 0
configure:3890: test -s conftest.o
configure:3893: $? = 0
configure:3904: result: yes
configure:3926: checking CAENVMElib.h usability
configure:3938: gcc -c -I/opt/DAQ/include  conftest.c >&5
configure:3944: $? = 0
configure:3948: test -z 
			 || test ! -s conftest.err
configure:3951: $? = 0
configure:3954: test -s conftest.o
configure:3957: $? = 0
configure:3967: result: yes
configure:3971: checking CAENVMElib.h presence
configure:3981: gcc -E  conftest.c
conftest.c:25:24: error: CAENVMElib.h: No such file or directory
configure:3987: $? = 1
configure: failed program was:
| /* confdefs.h.  */
| 
| #define PACKAGE_NAME "CAENPLLConfig"
| #define PACKAGE_TARNAME "caenpllconfig"
| #define PACKAGE_VERSION "2.0"
| #define PACKAGE_STRING "CAENPLLConfig 2.0"
| #define PACKAGE_BUGREPORT "support.computing@caen.it"
| #define PACKAGE "CAENPLLConfig"
| #define VERSION "2.0"
| #ifdef __cplusplus
| extern "C" void exit (int) throw ();
| #endif
| #define LINUX 1
| #define STDC_HEADERS 1
| #define HAVE_SYS_TYPES_H 1
| #define HAVE_SYS_STAT_H 1
| #define HAVE_STDLIB_H 1
| #define HAVE_STRING_H 1
| #define HAVE_MEMORY_H 1
| #define HAVE_STRINGS_H 1
| #define HAVE_INTTYPES_H 1
| #define HAVE_STDINT_H 1
| #define HAVE_UNISTD_H 1
| /* end confdefs.h.  */
| #include <CAENVMElib.h>
configure:4007: result: no
configure:4013: WARNING: CAENVMElib.h: accepted by the compiler, rejected by the preprocessor!
configure:4015: WARNING: CAENVMElib.h: proceeding with the compiler's result
configure:4042: checking for CAENVMElib.h
configure:4049: result: yes
configure:4070: checking CAENVMEoslib.h usability
configure:4082: gcc -c -I/opt/DAQ/include  conftest.c >&5
configure:4088: $? = 0
configure:4092: test -z 
			 || test ! -s conftest.err
configure:4095: $? = 0
configure:4098: test -s conftest.o
configure:4101: $? = 0
configure:4111: result: yes
configure:4115: checking CAENVMEoslib.h presence
configure:4125: gcc -E  conftest.c
conftest.c:25:26: error: CAENVMEoslib.h: No such file or directory
configure:4131: $? = 1
configure: failed program was:
| /* confdefs.h.  */
| 
| #define PACKAGE_NAME "CAENPLLConfig"
| #define PACKAGE_TARNAME "caenpllconfig"
| #define PACKAGE_VERSION "2.0"
| #define PACKAGE_STRING "CAENPLLConfig 2.0"
| #define PACKAGE_BUGREPORT "support.computing@caen.it"
| #define PACKAGE "CAENPLLConfig"
| #define VERSION "2.0"
| #ifdef __cplusplus
| extern "C" void exit (int) throw ();
| #endif
| #define LINUX 1
| #define STDC_HEADERS 1
| #define HAVE_SYS_TYPES_H 1
| #define HAVE_SYS_STAT_H 1
| #define HAVE_STDLIB_H 1
| #define HAVE_STRING_H 1
| #define HAVE_MEMORY_H 1
| #define HAVE_STRINGS_H 1
| #define HAVE_INTTYPES_H 1
| #define HAVE_STDINT_H 1
| #define HAVE_UNISTD_H 1
| /* end confdefs.h.  */
| #include <CAENVMEoslib.h>
configure:4151: result: no
configure:4157: WARNING: CAENVMEoslib.h: accepted by the compiler, rejected by the preprocessor!
configure:4159: WARNING: CAENVMEoslib.h: proceeding with the compiler's result
configure:4186: checking for CAENVMEoslib.h
configure:4193: result: yes
configure:4214: checking CAENVMEtypes.h usability
configure:4226: gcc -c -I/opt/DAQ/include  conftest.c >&5
configure:4232: $? = 0
configure:4236: test -z 
			 || test ! -s conftest.err
configure:4239: $? = 0
configure:4242: test -s conftest.o
configure:4245: $? = 0
configure:4255: result: yes
configure:4259: checking CAENVMEtypes.h presence
configure:4269: gcc -E  conftest.c
conftest.c:25:26: error: CAENVMEtypes.h: No such file or directory
configure:4275: $? = 1
configure: failed program was:
| /* confdefs.h.  */
| 
| #define PACKAGE_NAME "CAENPLLConfig"
| #define PACKAGE_TARNAME "caenpllconfig"
| #define PACKAGE_VERSION "2.0"
| #define PACKAGE_STRING "CAENPLLConfig 2.0"
| #define PACKAGE_BUGREPORT "support.computing@caen.it"
| #define PACKAGE "CAENPLLConfig"
| #define VERSION "2.0"
| #ifdef __cplusplus
| extern "C" void exit (int) throw ();
| #endif
| #define LINUX 1
| #define STDC_HEADERS 1
| #define HAVE_SYS_TYPES_H 1
| #define HAVE_SYS_STAT_H 1
| #define HAVE_STDLIB_H 1
| #define HAVE_STRING_H 1
| #define HAVE_MEMORY_H 1
| #define HAVE_STRINGS_H 1
| #define HAVE_INTTYPES_H 1
| #define HAVE_STDINT_H 1
| #define HAVE_UNISTD_H 1
| /* end confdefs.h.  */
| #include <CAENVMEtypes.h>
configure:4295: result: no
configure:4301: WARNING: CAENVMEtypes.h: accepted by the compiler, rejected by the preprocessor!
configure:4303: WARNING: CAENVMEtypes.h: proceeding with the compiler's result
configure:4330: checking for CAENVMEtypes.h
configure:4337: result: yes
configure:4348: checking for CAENVME_Init in -lCAENVME
configure:4378: gcc -o conftest -I/opt/DAQ/include  -L/opt/DAQ/lib conftest.c -lCAENVME   >&5
configure:4384: $? = 0
configure:4388: test -z 
			 || test ! -s conftest.err
configure:4391: $? = 0
configure:4394: test -s conftest
configure:4397: $? = 0
configure:4410: result: yes
configure:4425: checking for cvt_V1724_open in -lCAENdigitizerSDK
configure:4455: gcc -o conftest -I/opt/DAQ/include  -L/opt/DAQ/lib conftest.c -lCAENdigitizerSDK   >&5
configure:4461: $? = 0
configure:4465: test -z 
			 || test ! -s conftest.err
configure:4468: $? = 0
configure:4471: test -s conftest
configure:4474: $? = 0
configure:4487: result: yes
configure:4565: checking for wx-config
configure:4597: result: no
configure:4775: error:
                wxWidgets must be installed on your system.

                Please check that wx-config is in path, the directory
                where wxWidgets libraries are installed (returned by
                'wx-config --libs' or 'wx-config --static --libs' command)
                is in LD_LIBRARY_PATH or equivalent variable and
                wxWidgets version is 2.4.0 or above.
                

## ---------------- ##
## Cache variables. ##
## ---------------- ##

ac_cv_c_compiler_gnu=yes
ac_cv_cxx_compiler_gnu=yes
ac_cv_env_CC_set=
ac_cv_env_CC_value=
ac_cv_env_CFLAGS_set=set
ac_cv_env_CFLAGS_value=-I/opt/DAQ/include
ac_cv_env_CPPFLAGS_set=
ac_cv_env_CPPFLAGS_value=
ac_cv_env_CPP_set=
ac_cv_env_CPP_value=
ac_cv_env_CXXFLAGS_set=
ac_cv_env_CXXFLAGS_value=
ac_cv_env_CXX_set=
ac_cv_env_CXX_value=
ac_cv_env_LDFLAGS_set=set
ac_cv_env_LDFLAGS_value=-L/opt/DAQ/lib
ac_cv_env_build_alias_set=
ac_cv_env_build_alias_value=
ac_cv_env_host_alias_set=
ac_cv_env_host_alias_value=
ac_cv_env_target_alias_set=
ac_cv_env_target_alias_value=
ac_cv_exeext=
ac_cv_header_CAENVMElib_h=yes
ac_cv_header_CAENVMEoslib_h=yes
ac_cv_header_CAENVMEtypes_h=yes
ac_cv_header_inttypes_h=yes
ac_cv_header_memory_h=yes
ac_cv_header_stdc=yes
ac_cv_header_stdint_h=yes
ac_cv_header_stdlib_h=yes
ac_cv_header_string_h=yes
ac_cv_header_strings_h=yes
ac_cv_header_sys_stat_h=yes
ac_cv_header_sys_types_h=yes
ac_cv_header_unistd_h=yes
ac_cv_lib_CAENVME_CAENVME_Init=yes
ac_cv_lib_CAENdigitizerSDK_cvt_V1724_open=yes
ac_cv_objext=o
ac_cv_path_WX_CONFIG_PATH=no
ac_cv_path_install='/usr/bin/install -c'
ac_cv_prog_AWK=gawk
ac_cv_prog_CPP='gcc -E'
ac_cv_prog_ac_ct_CC=gcc
ac_cv_prog_ac_ct_CXX=g++
ac_cv_prog_cc_g=yes
ac_cv_prog_cc_stdc=
ac_cv_prog_cxx_g=yes
ac_cv_prog_egrep='grep -E'
ac_cv_prog_make_make_set=yes
am_cv_CC_dependencies_compiler_type=gcc3
am_cv_CXX_dependencies_compiler_type=gcc3

## ----------------- ##
## Output variables. ##
## ----------------- ##

ACLOCAL='${SHELL} /Users/exaos/Utilities/Workspace/github/daq4cjpl/CAENsoft/PLLConfig/src/missing --run aclocal-1.9'
AMDEPBACKSLASH='\'
AMDEP_FALSE='#'
AMDEP_TRUE=''
AMTAR='${SHELL} /Users/exaos/Utilities/Workspace/github/daq4cjpl/CAENsoft/PLLConfig/src/missing --run tar'
AUTOCONF='${SHELL} /Users/exaos/Utilities/Workspace/github/daq4cjpl/CAENsoft/PLLConfig/src/missing --run autoconf'
AUTOHEADER='${SHELL} /Users/exaos/Utilities/Workspace/github/daq4cjpl/CAENsoft/PLLConfig/src/missing --run autoheader'
AUTOMAKE='${SHELL} /Users/exaos/Utilities/Workspace/github/daq4cjpl/CAENsoft/PLLConfig/src/missing --run automake-1.9'
AWK='gawk'
CC='gcc'
CCDEPMODE='depmode=gcc3'
CFLAGS='-I/opt/DAQ/include'
CPP='gcc -E'
CPPFLAGS=''
CXX='g++'
CXXDEPMODE='depmode=gcc3'
CXXFLAGS='-g -O2'
CYGPATH_W='echo'
DEFS=''
DEPDIR='.deps'
ECHO_C=''
ECHO_N='-n'
ECHO_T=''
EGREP='grep -E'
EXEEXT=''
INSTALL_DATA='${INSTALL} -m 644'
INSTALL_PROGRAM='${INSTALL}'
INSTALL_SCRIPT='${INSTALL}'
INSTALL_STRIP_PROGRAM='${SHELL} $(install_sh) -c -s'
LDFLAGS='-L/opt/DAQ/lib'
LIBOBJS=''
LIBS=''
LTLIBOBJS=''
MAKEINFO='${SHELL} /Users/exaos/Utilities/Workspace/github/daq4cjpl/CAENsoft/PLLConfig/src/missing --run makeinfo'
OBJEXT='o'
PACKAGE='CAENPLLConfig'
PACKAGE_BUGREPORT='support.computing@caen.it'
PACKAGE_NAME='CAENPLLConfig'
PACKAGE_STRING='CAENPLLConfig 2.0'
PACKAGE_TARNAME='caenpllconfig'
PACKAGE_VERSION='2.0'
PATH_SEPARATOR=':'
SET_MAKE=''
SHELL='/bin/bash'
STRIP=''
VERSION='2.0'
WX_CFLAGS=''
WX_CFLAGS_ONLY=''
WX_CONFIG_PATH='no'
WX_CPPFLAGS=''
WX_CXXFLAGS=''
WX_CXXFLAGS_ONLY=''
WX_LIBS=''
WX_LIBS_STATIC=''
WX_RESCOMP=''
WX_VERSION=''
ac_ct_CC='gcc'
ac_ct_CXX='g++'
ac_ct_STRIP=''
am__fastdepCC_FALSE='#'
am__fastdepCC_TRUE=''
am__fastdepCXX_FALSE='#'
am__fastdepCXX_TRUE=''
am__include='include'
am__leading_dot='.'
am__quote=''
am__tar='${AMTAR} chof - "$$tardir"'
am__untar='${AMTAR} xf -'
bindir='${exec_prefix}/bin'
build_alias=''
datadir='${prefix}/share'
exec_prefix='NONE'
host_alias=''
includedir='${prefix}/include'
infodir='${prefix}/info'
install_sh='/Users/exaos/Utilities/Workspace/github/daq4cjpl/CAENsoft/PLLConfig/src/install-sh'
libdir='${exec_prefix}/lib'
libexecdir='${exec_prefix}/libexec'
localstatedir='${prefix}/var'
mandir='${prefix}/man'
mkdir_p='mkdir -p --'
oldincludedir='/usr/include'
prefix='/opt/DAQ'
program_transform_name='s,x,x,'
sbindir='${exec_prefix}/sbin'
sharedstatedir='${prefix}/com'
sysconfdir='${prefix}/etc'
target_alias=''

## ----------- ##
## confdefs.h. ##
## ----------- ##

#define HAVE_INTTYPES_H 1
#define HAVE_MEMORY_H 1
#define HAVE_STDINT_H 1
#define HAVE_STDLIB_H 1
#define HAVE_STRINGS_H 1
#define HAVE_STRING_H 1
#define HAVE_SYS_STAT_H 1
#define HAVE_SYS_TYPES_H 1
#define HAVE_UNISTD_H 1
#define LINUX 1
#define PACKAGE "CAENPLLConfig"
#define PACKAGE_BUGREPORT "support.computing@caen.it"
#define PACKAGE_NAME "CAENPLLConfig"
#define PACKAGE_STRING "CAENPLLConfig 2.0"
#define PACKAGE_TARNAME "caenpllconfig"
#define PACKAGE_VERSION "2.0"
#define STDC_HEADERS 1
#define VERSION "2.0"
#endif
#ifdef __cplusplus
extern "C" void exit (int) throw ();

configure: exit 1
